********************************************************************************
product = WebSphere Application Server 8.5.5.4 (wlp-1.0.7.cl50420141211-1039)
wlp.install.dir = C:/eclipse/configuration/org.eclipse.osgi/993/0/.cp/resources/server_runtime/
server.config.dir = C:/Users/ShaSkills/Documents/work/DS/.metadata/.plugins/com.ibm.etools.wdt.server.core/tmp0/usr/servers/defaultServer0/
java.home = C:\Program Files\Java\jre1.8.0_60
java.version = 1.8.0_60
java.runtime = Java(TM) SE Runtime Environment (1.8.0_60-b27)
os = Windows 7 (6.1; amd64) (es_ES)
process = 9988@ShaSkills-PC
********************************************************************************
[24/10/15 18:14:04:359 CDT] 00000001 com.ibm.ws.kernel.launch.internal.FrameworkManager           A CWWKE0001I: El servidor defaultServer0 se ha lanzado.
[24/10/15 18:14:05:585 CDT] 00000001 com.ibm.ws.kernel.launch.internal.FrameworkManager           I CWWKE0002I: El kernel se ha iniciado después de 1,533 segundos
[24/10/15 18:14:05:612 CDT] 00000019 com.ibm.ws.kernel.feature.internal.FeatureManager            I CWWKF0007I: La actualización de características se ha iniciado.
[24/10/15 18:14:06:766 CDT] 00000011 com.ibm.ws.app.manager.internal.monitor.DropinMonitor        A CWWKZ0058I: Supervisando aplicaciones de dropins. 
[24/10/15 18:14:06:865 CDT] 0000001b com.ibm.ws.tcpchannel.internal.TCPChannel                    I CWWKO0219I: El canal TCP defaultHttpEndpoint se ha iniciado y ahora está a la escucha de solicitudes en el host *  (IPv6) puerto 13434.
[24/10/15 18:14:07:318 CDT] 00000023 com.ibm.ws.app.manager.AppMessageHelper                      I CWWKZ0018I: Iniciando la aplicación DsFarmacia.
[24/10/15 18:14:07:318 CDT] 00000022 com.ibm.ws.app.manager.AppMessageHelper                      I CWWKZ0018I: Iniciando la aplicación proxy.
[24/10/15 18:14:07:630 CDT] 00000022 com.ibm.ws.webcontainer.osgi.webapp.WebGroup                 I SRVE0169I: Cargando módulo web: Ajax Proxy for IBM WebSphere.
[24/10/15 18:14:07:636 CDT] 00000022 com.ibm.ws.webcontainer                                      I SRVE0250I: El módulo web Ajax Proxy for IBM WebSphere se ha enlazado con default_host.
[24/10/15 18:14:07:638 CDT] 00000022 com.ibm.ws.http.internal.VirtualHostImpl                     A CWWKT0016I: Aplicación web disponible (default_host): http://shaskills-pc:13434/proxy/
[24/10/15 18:14:07:643 CDT] 00000022 com.ibm.ws.app.manager.AppMessageHelper                      A CWWKZ0001I: La aplicación proxy se ha iniciado en 0,325 segundos.
[24/10/15 18:14:07:645 CDT] 00000023 com.ibm.ws.webcontainer.osgi.webapp.WebGroup                 I SRVE0169I: Cargando módulo web: Archetype Created Web Application.
[24/10/15 18:14:07:645 CDT] 00000023 com.ibm.ws.webcontainer                                      I SRVE0250I: El módulo web Archetype Created Web Application se ha enlazado con default_host.
[24/10/15 18:14:07:645 CDT] 00000023 com.ibm.ws.http.internal.VirtualHostImpl                     A CWWKT0016I: Aplicación web disponible (default_host): http://shaskills-pc:13434/DsFarmacia/
[24/10/15 18:14:07:646 CDT] 00000023 com.ibm.ws.app.manager.AppMessageHelper                      A CWWKZ0001I: La aplicación DsFarmacia se ha iniciado en 0,328 segundos.
[24/10/15 18:14:07:667 CDT] 00000019 com.ibm.ws.kernel.feature.internal.FeatureManager            A CWWKF0012I: El servidor ha instalado las características siguientes: [servlet-3.0, jsp-2.2, json-1.0, localConnector-1.0, jaxrs-1.1].
[24/10/15 18:14:07:668 CDT] 00000019 com.ibm.ws.kernel.feature.internal.FeatureManager            I CWWKF0008I: La actualización de características se ha completado en 2,086 segundos.
[24/10/15 18:14:07:668 CDT] 00000019 com.ibm.ws.kernel.feature.internal.FeatureManager            A CWWKF0011I: El servidor defaultServer0 está preparado para ejecutar un planeta más inteligente.
[24/10/15 18:14:08:000 CDT] 00000025 com.ibm.ws.session.WASSessionCore                            I SESN8501I: El gestor de sesiones no ha encontrado una ubicación de almacenamiento persistente; los objetos HttpSession se almacenarán en la memoria del servidor de aplicaciones local.
[24/10/15 18:14:08:004 CDT] 00000025 com.ibm.ws.session.WASSessionCore                            I SESN0176I: Se creará un nuevo contexto de sesión para la clave de aplicación default_host/DsFarmacia
[24/10/15 18:14:08:019 CDT] 00000025 com.ibm.ws.util                                              I SESN0172I: El gestor de sesiones está utilizando la implementación de SecureRandom Java por omisión para la generación del ID de sesión.
[24/10/15 18:14:08:975 CDT] 00000027 com.ibm.ws.webcontainer.servlet                              I SRVE0242I: [DsFarmacia] [/DsFarmacia] [/Login.jsp]: Inicialización satisfactoria.
[24/10/15 18:14:08:995 CDT] 0000000f com.ibm.ws.kernel.launch.internal.FrameworkManager           A CWWKE0084I: El servidor defaultServer0 se detiene porque la hebra Default Executor-thread-8 (00000027) ha llamado al método java.lang.System.exit: 
	at java.lang.System.exit(Unknown Source)
	at com.dsfarmacia.cnx.Cnx.<init>(Cnx.java:25)
	at com.dsfarmacia.login.Login.<init>(Login.java:16)
	at com.ibm._jsp._Login._jspService(_Login.java:97)
	at com.ibm.ws.jsp.runtime.HttpJspBase.service(HttpJspBase.java:101)
	at javax.servlet.http.HttpServlet.service(HttpServlet.java:668)
	at com.ibm.ws.webcontainer.servlet.ServletWrapper.service(ServletWrapper.java:1275)
	at com.ibm.ws.webcontainer.servlet.ServletWrapper.handleRequest(ServletWrapper.java:766)
	at com.ibm.ws.webcontainer.servlet.ServletWrapper.handleRequest(ServletWrapper.java:472)
	at com.ibm.wsspi.webcontainer.servlet.GenericServletWrapper.handleRequest(GenericServletWrapper.java:119)
	at com.ibm.ws.jsp.webcontainerext.AbstractJSPExtensionServletWrapper.handleRequest(AbstractJSPExtensionServletWrapper.java:217)
	at com.ibm.ws.webcontainer.filter.WebAppFilterManager.invokeFilters(WebAppFilterManager.java:1101)
	at com.ibm.ws.webcontainer.webapp.WebApp.handleRequest(WebApp.java:4797)
	at com.ibm.ws.webcontainer.osgi.DynamicVirtualHost$2.handleRequest(DynamicVirtualHost.java:297)
	at com.ibm.ws.webcontainer.WebContainer.handleRequest(WebContainer.java:981)
	at com.ibm.ws.webcontainer.osgi.DynamicVirtualHost$2.run(DynamicVirtualHost.java:262)
	at com.ibm.ws.http.dispatcher.internal.channel.HttpDispatcherLink$TaskWrapper.run(HttpDispatcherLink.java:938)
	at java.util.concurrent.ThreadPoolExecutor.runWorker(Unknown Source)
	at java.util.concurrent.ThreadPoolExecutor$Worker.run(Unknown Source)
	at java.lang.Thread.run(Unknown Source)

[24/10/15 18:14:09:023 CDT] 00000029 com.ibm.ws.http.internal.VirtualHostImpl                     A CWWKT0017I: Aplicación web eliminada (default_host): http://shaskills-pc:13434/proxy/
[24/10/15 18:14:09:415 CDT] 0000002a com.ibm.ws.http.internal.VirtualHostImpl                     A CWWKT0017I: Aplicación web eliminada (default_host): http://shaskills-pc:13434/DsFarmacia/
[24/10/15 18:14:09:416 CDT] 00000029 com.ibm.ws.app.manager.AppMessageHelper                      A CWWKZ0009I: La aplicación proxy se ha detenido correctamente.
[24/10/15 18:14:39:105 CDT] 0000002b com.ibm.ws.tcpchannel.internal.TCPChannel                    I CWWKO0220I: El canal TCP defaultHttpEndpoint ha detenido la escucha de solicitudes en el host *  (IPv6) puerto 13434.
[24/10/15 18:14:39:294 CDT] 00000001 com.ibm.ws.kernel.launch.internal.FrameworkManager           A CWWKE0036I: El servidor defaultServer0 se ha detenido después de 35,242 segundos.
